\BOOKMARK [1][-]{section.1}{Problem description}{}% 1
\BOOKMARK [1][-]{section.2}{Definition}{}% 2
\BOOKMARK [2][-]{subsection.2.1}{Checking admissibility}{section.2}% 3
\BOOKMARK [2][-]{subsection.2.2}{Gain function}{section.2}% 4
\BOOKMARK [1][-]{section.3}{Overview}{}% 5
\BOOKMARK [1][-]{section.4}{Initialisation}{}% 6
\BOOKMARK [1][-]{section.5}{Variation}{}% 7
\BOOKMARK [2][-]{subsection.5.1}{Mutation}{section.5}% 8
\BOOKMARK [3][-]{subsubsection.5.1.1}{Adding an edge}{subsection.5.1}% 9
\BOOKMARK [3][-]{subsubsection.5.1.2}{Adding a path}{subsection.5.1}% 10
\BOOKMARK [3][-]{subsubsection.5.1.3}{Clean the solution}{subsection.5.1}% 11
\BOOKMARK [3][-]{subsubsection.5.1.4}{Multiple mutation}{subsection.5.1}% 12
\BOOKMARK [2][-]{subsection.5.2}{Crossover}{section.5}% 13
\BOOKMARK [2][-]{subsection.5.3}{Combining both}{section.5}% 14
\BOOKMARK [1][-]{section.6}{Selection}{}% 15
\BOOKMARK [2][-]{subsection.6.1}{Elitist selection}{section.6}% 16
\BOOKMARK [2][-]{subsection.6.2}{Elitist selection on offsprings only}{section.6}% 17
\BOOKMARK [2][-]{subsection.6.3}{Fitness proportional selection}{section.6}% 18
\BOOKMARK [2][-]{subsection.6.4}{Boltzmann selection}{section.6}% 19
\BOOKMARK [2][-]{subsection.6.5}{Threshold selection}{section.6}% 20
\BOOKMARK [1][-]{section.7}{Comparison}{}% 21
\BOOKMARK [2][-]{subsection.7.1}{Variations}{section.7}% 22
\BOOKMARK [2][-]{subsection.7.2}{Selections}{section.7}% 23
\BOOKMARK [1][-]{section.8}{Conclusion}{}% 24
