\BOOKMARK [1][-]{section.1}{Problem description}{}% 1
\BOOKMARK [1][-]{section.2}{Admissible solution}{}% 2
\BOOKMARK [2][-]{subsection.2.1}{Check admissibility}{section.2}% 3
\BOOKMARK [2][-]{subsection.2.2}{Gain function}{section.2}% 4
\BOOKMARK [1][-]{section.3}{Initialisation}{}% 5
\BOOKMARK [1][-]{section.4}{Variation}{}% 6
\BOOKMARK [2][-]{subsection.4.1}{Mutation}{section.4}% 7
\BOOKMARK [3][-]{subsubsection.4.1.1}{Adding an edge}{subsection.4.1}% 8
\BOOKMARK [3][-]{subsubsection.4.1.2}{Adding a path}{subsection.4.1}% 9
\BOOKMARK [3][-]{subsubsection.4.1.3}{Removing an edge}{subsection.4.1}% 10
\BOOKMARK [2][-]{subsection.4.2}{Crossover}{section.4}% 11
\BOOKMARK [2][-]{subsection.4.3}{Combining both}{section.4}% 12
\BOOKMARK [1][-]{section.5}{Selection}{}% 13
\BOOKMARK [2][-]{subsection.5.1}{Elitist selection}{section.5}% 14
\BOOKMARK [2][-]{subsection.5.2}{Elitist selection on offsprings only}{section.5}% 15
\BOOKMARK [2][-]{subsection.5.3}{Fitness proportional selection}{section.5}% 16
\BOOKMARK [2][-]{subsection.5.4}{Boltzmann selection}{section.5}% 17
\BOOKMARK [2][-]{subsection.5.5}{Threshold selection}{section.5}% 18
\BOOKMARK [1][-]{section.6}{Testing it all together}{}% 19
\BOOKMARK [1][-]{section.7}{Conclusion}{}% 20
